Flow report for Mino_Machine
Thu May 25 23:00:43 2023
Quartus II Version 8.1 Build 163 10/28/2008 SJ Web Edition


---------------------
; Table of Contents ;
---------------------
  1. Legal Notice
  2. Flow Summary
  3. Flow Settings
  4. Flow Non-Default Global Settings
  5. Flow Elapsed Time
  6. Flow OS Summary
  7. Flow Log



----------------
; Legal Notice ;
----------------
Copyright (C) 1991-2008 Altera Corporation
Your use of Altera Corporation's design tools, logic functions 
and other software and tools, and its AMPP partner logic 
functions, and any output files from any of the foregoing 
(including device programming or simulation files), and any 
associated documentation or information are expressly subject 
to the terms and conditions of the Altera Program License 
Subscription Agreement, Altera MegaCore Function License 
Agreement, or other applicable license agreement, including, 
without limitation, that your use is for the sole purpose of 
programming logic devices manufactured by Altera and sold by 
Altera or its authorized distributors.  Please refer to the 
applicable agreement for further details.



+-------------------------------------------------------------------+
; Flow Summary                                                      ;
+-------------------------+-----------------------------------------+
; Flow Status             ; Successful - Thu May 25 23:00:43 2023   ;
; Quartus II Version      ; 8.1 Build 163 10/28/2008 SJ Web Edition ;
; Revision Name           ; Mino_Machine                            ;
; Top-level Entity Name   ; Mino_Machine                            ;
; Family                  ; MAX II                                  ;
; Device                  ; EPM240T100C5                            ;
; Timing Models           ; Final                                   ;
; Met timing requirements ; Yes                                     ;
; Total logic elements    ; 144 / 240 ( 60 % )                      ;
; Total pins              ; 63 / 80 ( 79 % )                        ;
; Total virtual pins      ; 0                                       ;
; UFM blocks              ; 0 / 1 ( 0 % )                           ;
+-------------------------+-----------------------------------------+


+-----------------------------------------+
; Flow Settings                           ;
+-------------------+---------------------+
; Option            ; Setting             ;
+-------------------+---------------------+
; Start date & time ; 05/25/2023 23:00:38 ;
; Main task         ; Compilation         ;
; Revision Name     ; Mino_Machine        ;
+-------------------+---------------------+


+-------------------------------------------------------------------------------------------------------------------------------------------------------------------------------------------------------------+
; Flow Non-Default Global Settings                                                                                                                                                                            ;
+---------------------------------------+----------------------------------------------------------------------------------------------------------------------+---------------+-------------+----------------+
; Assignment Name                       ; Value                                                                                                                ; Default Value ; Entity Name ; Section Id     ;
+---------------------------------------+----------------------------------------------------------------------------------------------------------------------+---------------+-------------+----------------+
; COMPILER_SIGNATURE_ID                 ; 198112244664663.168507003809772                                                                                      ; --            ; --          ; --             ;
; IP_TOOL_NAME                          ; LPM_DECODE                                                                                                           ; --            ; --          ; --             ;
; IP_TOOL_NAME                          ; LPM_COUNTER                                                                                                          ; --            ; --          ; --             ;
; IP_TOOL_NAME                          ; LPM_MUX                                                                                                              ; --            ; --          ; --             ;
; IP_TOOL_NAME                          ; LPM_MUX                                                                                                              ; --            ; --          ; --             ;
; IP_TOOL_NAME                          ; LPM_COUNTER                                                                                                          ; --            ; --          ; --             ;
; IP_TOOL_NAME                          ; Flash Memory                                                                                                         ; --            ; --          ; --             ;
; IP_TOOL_NAME                          ; LPM_DIVIDE                                                                                                           ; --            ; --          ; --             ;
; IP_TOOL_NAME                          ; LPM_COUNTER                                                                                                          ; --            ; --          ; --             ;
; IP_TOOL_VERSION                       ; 8.1                                                                                                                  ; --            ; --          ; --             ;
; IP_TOOL_VERSION                       ; 8.1                                                                                                                  ; --            ; --          ; --             ;
; IP_TOOL_VERSION                       ; 8.1                                                                                                                  ; --            ; --          ; --             ;
; IP_TOOL_VERSION                       ; 8.1                                                                                                                  ; --            ; --          ; --             ;
; IP_TOOL_VERSION                       ; 8.1                                                                                                                  ; --            ; --          ; --             ;
; IP_TOOL_VERSION                       ; 8.1                                                                                                                  ; --            ; --          ; --             ;
; IP_TOOL_VERSION                       ; 8.1                                                                                                                  ; --            ; --          ; --             ;
; IP_TOOL_VERSION                       ; 8.1                                                                                                                  ; --            ; --          ; --             ;
; MAX_CORE_JUNCTION_TEMP                ; 85                                                                                                                   ; --            ; --          ; --             ;
; MIN_CORE_JUNCTION_TEMP                ; 0                                                                                                                    ; --            ; --          ; --             ;
; MISC_FILE                             ; decode2to4.bsf                                                                                                       ; --            ; --          ; --             ;
; MISC_FILE                             ; decode2to4.cmp                                                                                                       ; --            ; --          ; --             ;
; MISC_FILE                             ; Display_Count.bsf                                                                                                    ; --            ; --          ; --             ;
; MISC_FILE                             ; Display_Count.cmp                                                                                                    ; --            ; --          ; --             ;
; MISC_FILE                             ; Display_mux.bsf                                                                                                      ; --            ; --          ; --             ;
; MISC_FILE                             ; Display_mux.cmp                                                                                                      ; --            ; --          ; --             ;
; MISC_FILE                             ; mux4to1.bsf                                                                                                          ; --            ; --          ; --             ;
; MISC_FILE                             ; mux4to1.cmp                                                                                                          ; --            ; --          ; --             ;
; MISC_FILE                             ; register16.bsf                                                                                                       ; --            ; --          ; --             ;
; MISC_FILE                             ; register16.cmp                                                                                                       ; --            ; --          ; --             ;
; MISC_FILE                             ; C:/Users/rybaz/OneDrive - Cedarville University/3 Personal Projects/Arduino-CPLD Computer/CPLD Code/Mino_Machine.dpf ; --            ; --          ; --             ;
; MISC_FILE                             ; ROM.bsf                                                                                                              ; --            ; --          ; --             ;
; MISC_FILE                             ; ROM.cmp                                                                                                              ; --            ; --          ; --             ;
; MISC_FILE                             ; divider.bsf                                                                                                          ; --            ; --          ; --             ;
; MISC_FILE                             ; divider.cmp                                                                                                          ; --            ; --          ; --             ;
; MISC_FILE                             ; Clock_Divider.bsf                                                                                                    ; --            ; --          ; --             ;
; MISC_FILE                             ; Clock_Divider.cmp                                                                                                    ; --            ; --          ; --             ;
; POWER_EXT_SUPPLY_VOLTAGE_TO_REGULATOR ; 3.3V                                                                                                                 ; --            ; --          ; --             ;
; USE_GENERATED_PHYSICAL_CONSTRAINTS    ; Off                                                                                                                  ; --            ; --          ; eda_blast_fpga ;
+---------------------------------------+----------------------------------------------------------------------------------------------------------------------+---------------+-------------+----------------+


+-----------------------------------------------------------------------------------------------------------------------------+
; Flow Elapsed Time                                                                                                           ;
+-------------------------+--------------+-------------------------+---------------------+------------------------------------+
; Module Name             ; Elapsed Time ; Average Processors Used ; Peak Virtual Memory ; Total CPU Time (on all processors) ;
+-------------------------+--------------+-------------------------+---------------------+------------------------------------+
; Analysis & Synthesis    ; 00:00:02     ; 1.0                     ; 244 MB              ; 00:00:01                           ;
; Fitter                  ; 00:00:00     ; 1.0                     ; 218 MB              ; 00:00:00                           ;
; Assembler               ; 00:00:00     ; 1.0                     ; 192 MB              ; 00:00:00                           ;
; Classic Timing Analyzer ; 00:00:00     ; 1.0                     ; 167 MB              ; 00:00:00                           ;
; Total                   ; 00:00:02     ; --                      ; --                  ; 00:00:01                           ;
+-------------------------+--------------+-------------------------+---------------------+------------------------------------+


+------------------------------------------------------------------------------------------+
; Flow OS Summary                                                                          ;
+-------------------------+------------------+---------------+------------+----------------+
; Module Name             ; Machine Hostname ; OS Name       ; OS Version ; Processor type ;
+-------------------------+------------------+---------------+------------+----------------+
; Analysis & Synthesis    ; TheBlackBear     ; Windows Vista ; 6.2        ; x86_64         ;
; Fitter                  ; TheBlackBear     ; Windows Vista ; 6.2        ; x86_64         ;
; Assembler               ; TheBlackBear     ; Windows Vista ; 6.2        ; x86_64         ;
; Classic Timing Analyzer ; TheBlackBear     ; Windows Vista ; 6.2        ; x86_64         ;
+-------------------------+------------------+---------------+------------+----------------+


------------
; Flow Log ;
------------
quartus_map --read_settings_files=on --write_settings_files=off Mino_Machine -c Mino_Machine
quartus_fit --read_settings_files=off --write_settings_files=off Mino_Machine -c Mino_Machine
quartus_asm --read_settings_files=off --write_settings_files=off Mino_Machine -c Mino_Machine
quartus_tan --read_settings_files=off --write_settings_files=off Mino_Machine -c Mino_Machine



