Analysis & Synthesis report for Mino_Machine
Wed May 24 23:38:17 2023
Quartus II Version 8.1 Build 163 10/28/2008 SJ Web Edition


---------------------
; Table of Contents ;
---------------------
  1. Legal Notice
  2. Analysis & Synthesis Summary
  3. Analysis & Synthesis Settings
  4. Analysis & Synthesis Source Files Read
  5. Source assignments for Display_Count:inst14|lpm_counter:lpm_counter_component
  6. Source assignments for register16:inst1|lpm_counter:lpm_counter_component
  7. Parameter Settings for User Entity Instance: Display_mux:inst16|LPM_MUX:lpm_mux_component
  8. Parameter Settings for User Entity Instance: Display_Count:inst14|lpm_counter:lpm_counter_component
  9. Parameter Settings for User Entity Instance: decode2to4:inst19|lpm_decode:lpm_decode_component
 10. Parameter Settings for User Entity Instance: mux4to1:inst15|LPM_MUX:lpm_mux_component
 11. Parameter Settings for User Entity Instance: register16:inst1|lpm_counter:lpm_counter_component
 12. Analysis & Synthesis Messages



----------------
; Legal Notice ;
----------------
Copyright (C) 1991-2008 Altera Corporation
Your use of Altera Corporation's design tools, logic functions 
and other software and tools, and its AMPP partner logic 
functions, and any output files from any of the foregoing 
(including device programming or simulation files), and any 
associated documentation or information are expressly subject 
to the terms and conditions of the Altera Program License 
Subscription Agreement, Altera MegaCore Function License 
Agreement, or other applicable license agreement, including, 
without limitation, that your use is for the sole purpose of 
programming logic devices manufactured by Altera and sold by 
Altera or its authorized distributors.  Please refer to the 
applicable agreement for further details.



+-----------------------------------------------------------------------+
; Analysis & Synthesis Summary                                          ;
+-----------------------------+-----------------------------------------+
; Analysis & Synthesis Status ; Failed - Wed May 24 23:38:17 2023       ;
; Quartus II Version          ; 8.1 Build 163 10/28/2008 SJ Web Edition ;
; Revision Name               ; Mino_Machine                            ;
; Top-level Entity Name       ; Mino_Machine                            ;
; Family                      ; MAX II                                  ;
+-----------------------------+-----------------------------------------+


+----------------------------------------------------------------------------------------------------------+
; Analysis & Synthesis Settings                                                                            ;
+----------------------------------------------------------------+--------------------+--------------------+
; Option                                                         ; Setting            ; Default Value      ;
+----------------------------------------------------------------+--------------------+--------------------+
; Device                                                         ; EPM240M100C5       ;                    ;
; Top-level entity name                                          ; Mino_Machine       ; Mino_Machine       ;
; Family name                                                    ; MAX II             ; Stratix II         ;
; Use Generated Physical Constraints File                        ; Off                ;                    ;
; Use smart compilation                                          ; Off                ; Off                ;
; Restructure Multiplexers                                       ; Auto               ; Auto               ;
; Create Debugging Nodes for IP Cores                            ; Off                ; Off                ;
; Preserve fewer node names                                      ; On                 ; On                 ;
; Disable OpenCore Plus hardware evaluation                      ; Off                ; Off                ;
; Verilog Version                                                ; Verilog_2001       ; Verilog_2001       ;
; VHDL Version                                                   ; VHDL93             ; VHDL93             ;
; State Machine Processing                                       ; Auto               ; Auto               ;
; Safe State Machine                                             ; Off                ; Off                ;
; Extract Verilog State Machines                                 ; On                 ; On                 ;
; Extract VHDL State Machines                                    ; On                 ; On                 ;
; Ignore Verilog initial constructs                              ; Off                ; Off                ;
; Iteration limit for constant Verilog loops                     ; 5000               ; 5000               ;
; Iteration limit for non-constant Verilog loops                 ; 250                ; 250                ;
; Add Pass-Through Logic to Inferred RAMs                        ; On                 ; On                 ;
; Parallel Synthesis                                             ; Off                ; Off                ;
; NOT Gate Push-Back                                             ; On                 ; On                 ;
; Power-Up Don't Care                                            ; On                 ; On                 ;
; Remove Redundant Logic Cells                                   ; Off                ; Off                ;
; Remove Duplicate Registers                                     ; On                 ; On                 ;
; Ignore CARRY Buffers                                           ; Off                ; Off                ;
; Ignore CASCADE Buffers                                         ; Off                ; Off                ;
; Ignore GLOBAL Buffers                                          ; Off                ; Off                ;
; Ignore ROW GLOBAL Buffers                                      ; Off                ; Off                ;
; Ignore LCELL Buffers                                           ; Off                ; Off                ;
; Ignore SOFT Buffers                                            ; On                 ; On                 ;
; Limit AHDL Integers to 32 Bits                                 ; Off                ; Off                ;
; Optimization Technique                                         ; Balanced           ; Balanced           ;
; Carry Chain Length                                             ; 70                 ; 70                 ;
; Auto Carry Chains                                              ; On                 ; On                 ;
; Auto Open-Drain Pins                                           ; On                 ; On                 ;
; Perform WYSIWYG Primitive Resynthesis                          ; Off                ; Off                ;
; Perform gate-level register retiming                           ; Off                ; Off                ;
; Allow register retiming to trade off Tsu/Tco with Fmax         ; On                 ; On                 ;
; Auto Shift Register Replacement                                ; Auto               ; Auto               ;
; Auto Clock Enable Replacement                                  ; On                 ; On                 ;
; Allow Synchronous Control Signals                              ; On                 ; On                 ;
; Force Use of Synchronous Clear Signals                         ; Off                ; Off                ;
; Auto Resource Sharing                                          ; Off                ; Off                ;
; Use LogicLock Constraints during Resource Balancing            ; On                 ; On                 ;
; Ignore translate_off and synthesis_off directives              ; Off                ; Off                ;
; Show Parameter Settings Tables in Synthesis Report             ; On                 ; On                 ;
; Ignore Maximum Fan-Out Assignments                             ; Off                ; Off                ;
; Synchronization Register Chain Length                          ; 2                  ; 2                  ;
; PowerPlay Power Optimization                                   ; Normal compilation ; Normal compilation ;
; HDL message level                                              ; Level2             ; Level2             ;
; Suppress Register Optimization Related Messages                ; Off                ; Off                ;
; Number of Removed Registers Reported in Synthesis Report       ; 100                ; 100                ;
; Number of Inverted Registers Reported in Synthesis Report      ; 100                ; 100                ;
; Clock MUX Protection                                           ; On                 ; On                 ;
; Block Design Naming                                            ; Auto               ; Auto               ;
; Synthesis Effort                                               ; Auto               ; Auto               ;
; Allows Asynchronous Clear Usage For Shift Register Replacement ; On                 ; On                 ;
; Analysis & Synthesis Message Level                             ; Medium             ; Medium             ;
+----------------------------------------------------------------+--------------------+--------------------+


+--------------------------------------------------------------------------------------------------------------------------------------------------------------------------------------------------------------------+
; Analysis & Synthesis Source Files Read                                                                                                                                                                             ;
+----------------------------------+-----------------+------------------------------------+--------------------------------------------------------------------------------------------------------------------------+
; File Name with User-Entered Path ; Used in Netlist ; File Type                          ; File Name with Absolute Path                                                                                             ;
+----------------------------------+-----------------+------------------------------------+--------------------------------------------------------------------------------------------------------------------------+
; Mino_Machine.bdf                 ; yes             ; User Block Diagram/Schematic File  ; C:/Users/rybaz/OneDrive - Cedarville University/3 Personal Projects/Arduino-CPLD Computer/CPLD Code/Mino_Machine.bdf     ;
; decode2to4.vhd                   ; yes             ; User Wizard-Generated File         ; C:/Users/rybaz/OneDrive - Cedarville University/3 Personal Projects/Arduino-CPLD Computer/CPLD Code/decode2to4.vhd       ;
; Display_Count.vhd                ; yes             ; User Wizard-Generated File         ; C:/Users/rybaz/OneDrive - Cedarville University/3 Personal Projects/Arduino-CPLD Computer/CPLD Code/Display_Count.vhd    ;
; Display_mux.vhd                  ; yes             ; User Wizard-Generated File         ; C:/Users/rybaz/OneDrive - Cedarville University/3 Personal Projects/Arduino-CPLD Computer/CPLD Code/Display_mux.vhd      ;
; mux4to1.vhd                      ; yes             ; User Wizard-Generated File         ; C:/Users/rybaz/OneDrive - Cedarville University/3 Personal Projects/Arduino-CPLD Computer/CPLD Code/mux4to1.vhd          ;
; register16.vhd                   ; yes             ; User Wizard-Generated File         ; C:/Users/rybaz/OneDrive - Cedarville University/3 Personal Projects/Arduino-CPLD Computer/CPLD Code/register16.vhd       ;
; Seven_Seg_Driver.vhd             ; yes             ; User VHDL File                     ; C:/Users/rybaz/OneDrive - Cedarville University/3 Personal Projects/Arduino-CPLD Computer/CPLD Code/Seven_Seg_Driver.vhd ;
; LPM_MUX.tdf                      ; yes             ; Megafunction                       ; c:/altera/81/quartus/libraries/megafunctions/LPM_MUX.tdf                                                                 ;
; aglobal81.inc                    ; yes             ; Megafunction                       ; c:/altera/81/quartus/libraries/megafunctions/aglobal81.inc                                                               ;
; muxlut.inc                       ; yes             ; Megafunction                       ; c:/altera/81/quartus/libraries/megafunctions/muxlut.inc                                                                  ;
; bypassff.inc                     ; yes             ; Megafunction                       ; c:/altera/81/quartus/libraries/megafunctions/bypassff.inc                                                                ;
; altshift.inc                     ; yes             ; Megafunction                       ; c:/altera/81/quartus/libraries/megafunctions/altshift.inc                                                                ;
; db/mux_vld.tdf                   ; yes             ; Auto-Generated Megafunction        ; C:/Users/rybaz/OneDrive - Cedarville University/3 Personal Projects/Arduino-CPLD Computer/CPLD Code/db/mux_vld.tdf       ;
; lpm_counter.tdf                  ; yes             ; Megafunction                       ; c:/altera/81/quartus/libraries/megafunctions/lpm_counter.tdf                                                             ;
; lpm_constant.inc                 ; yes             ; Megafunction                       ; c:/altera/81/quartus/libraries/megafunctions/lpm_constant.inc                                                            ;
; lpm_decode.inc                   ; yes             ; Megafunction                       ; c:/altera/81/quartus/libraries/megafunctions/lpm_decode.inc                                                              ;
; lpm_add_sub.inc                  ; yes             ; Megafunction                       ; c:/altera/81/quartus/libraries/megafunctions/lpm_add_sub.inc                                                             ;
; cmpconst.inc                     ; yes             ; Megafunction                       ; c:/altera/81/quartus/libraries/megafunctions/cmpconst.inc                                                                ;
; lpm_compare.inc                  ; yes             ; Megafunction                       ; c:/altera/81/quartus/libraries/megafunctions/lpm_compare.inc                                                             ;
; lpm_counter.inc                  ; yes             ; Megafunction                       ; c:/altera/81/quartus/libraries/megafunctions/lpm_counter.inc                                                             ;
; dffeea.inc                       ; yes             ; Megafunction                       ; c:/altera/81/quartus/libraries/megafunctions/dffeea.inc                                                                  ;
; alt_synch_counter.inc            ; yes             ; Megafunction                       ; c:/altera/81/quartus/libraries/megafunctions/alt_synch_counter.inc                                                       ;
; alt_synch_counter_f.inc          ; yes             ; Megafunction                       ; c:/altera/81/quartus/libraries/megafunctions/alt_synch_counter_f.inc                                                     ;
; alt_counter_f10ke.inc            ; yes             ; Megafunction                       ; c:/altera/81/quartus/libraries/megafunctions/alt_counter_f10ke.inc                                                       ;
; alt_counter_stratix.inc          ; yes             ; Megafunction                       ; c:/altera/81/quartus/libraries/megafunctions/alt_counter_stratix.inc                                                     ;
; db/cntr_f7h.tdf                  ; yes             ; Auto-Generated Megafunction        ; C:/Users/rybaz/OneDrive - Cedarville University/3 Personal Projects/Arduino-CPLD Computer/CPLD Code/db/cntr_f7h.tdf      ;
; lpm_decode.tdf                   ; yes             ; Megafunction                       ; c:/altera/81/quartus/libraries/megafunctions/lpm_decode.tdf                                                              ;
; declut.inc                       ; yes             ; Megafunction                       ; c:/altera/81/quartus/libraries/megafunctions/declut.inc                                                                  ;
; db/decode_ndf.tdf                ; yes             ; Auto-Generated Megafunction        ; C:/Users/rybaz/OneDrive - Cedarville University/3 Personal Projects/Arduino-CPLD Computer/CPLD Code/db/decode_ndf.tdf    ;
; db/mux_sld.tdf                   ; yes             ; Auto-Generated Megafunction        ; C:/Users/rybaz/OneDrive - Cedarville University/3 Personal Projects/Arduino-CPLD Computer/CPLD Code/db/mux_sld.tdf       ;
; db/cntr_sbj.tdf                  ; yes             ; Auto-Generated Megafunction        ; C:/Users/rybaz/OneDrive - Cedarville University/3 Personal Projects/Arduino-CPLD Computer/CPLD Code/db/cntr_sbj.tdf      ;
+----------------------------------+-----------------+------------------------------------+--------------------------------------------------------------------------------------------------------------------------+


+-------------------------------------------------------------------------------+
; Source assignments for Display_Count:inst14|lpm_counter:lpm_counter_component ;
+---------------------------+-------+------+------------------------------------+
; Assignment                ; Value ; From ; To                                 ;
+---------------------------+-------+------+------------------------------------+
; SUPPRESS_DA_RULE_INTERNAL ; a101  ; -    ; -                                  ;
; SUPPRESS_DA_RULE_INTERNAL ; s102  ; -    ; -                                  ;
; SUPPRESS_DA_RULE_INTERNAL ; s103  ; -    ; -                                  ;
+---------------------------+-------+------+------------------------------------+


+---------------------------------------------------------------------------+
; Source assignments for register16:inst1|lpm_counter:lpm_counter_component ;
+---------------------------+-------+------+--------------------------------+
; Assignment                ; Value ; From ; To                             ;
+---------------------------+-------+------+--------------------------------+
; SUPPRESS_DA_RULE_INTERNAL ; a101  ; -    ; -                              ;
; SUPPRESS_DA_RULE_INTERNAL ; s102  ; -    ; -                              ;
; SUPPRESS_DA_RULE_INTERNAL ; s103  ; -    ; -                              ;
+---------------------------+-------+------+--------------------------------+


+-------------------------------------------------------------------------------------------+
; Parameter Settings for User Entity Instance: Display_mux:inst16|LPM_MUX:lpm_mux_component ;
+------------------------+---------+--------------------------------------------------------+
; Parameter Name         ; Value   ; Type                                                   ;
+------------------------+---------+--------------------------------------------------------+
; AUTO_CARRY_CHAINS      ; ON      ; AUTO_CARRY                                             ;
; IGNORE_CARRY_BUFFERS   ; OFF     ; IGNORE_CARRY                                           ;
; AUTO_CASCADE_CHAINS    ; ON      ; AUTO_CASCADE                                           ;
; IGNORE_CASCADE_BUFFERS ; OFF     ; IGNORE_CASCADE                                         ;
; LPM_WIDTH              ; 4       ; Signed Integer                                         ;
; LPM_SIZE               ; 4       ; Signed Integer                                         ;
; LPM_WIDTHS             ; 2       ; Signed Integer                                         ;
; LPM_PIPELINE           ; 0       ; Signed Integer                                         ;
; CBXI_PARAMETER         ; mux_vld ; Untyped                                                ;
; DEVICE_FAMILY          ; MAX II  ; Untyped                                                ;
+------------------------+---------+--------------------------------------------------------+
Note: In order to hide this table in the UI and the text report file, please set the "Show Parameter Settings Tables in Synthesis Report" option in "Analysis and Synthesis Settings -> More Settings" to "Off".


+-----------------------------------------------------------------------------------------------------+
; Parameter Settings for User Entity Instance: Display_Count:inst14|lpm_counter:lpm_counter_component ;
+------------------------+-------------+--------------------------------------------------------------+
; Parameter Name         ; Value       ; Type                                                         ;
+------------------------+-------------+--------------------------------------------------------------+
; AUTO_CARRY_CHAINS      ; ON          ; AUTO_CARRY                                                   ;
; IGNORE_CARRY_BUFFERS   ; OFF         ; IGNORE_CARRY                                                 ;
; AUTO_CASCADE_CHAINS    ; ON          ; AUTO_CASCADE                                                 ;
; IGNORE_CASCADE_BUFFERS ; OFF         ; IGNORE_CASCADE                                               ;
; LPM_WIDTH              ; 2           ; Signed Integer                                               ;
; LPM_DIRECTION          ; UP          ; Untyped                                                      ;
; LPM_MODULUS            ; 0           ; Untyped                                                      ;
; LPM_AVALUE             ; UNUSED      ; Untyped                                                      ;
; LPM_SVALUE             ; UNUSED      ; Untyped                                                      ;
; LPM_PORT_UPDOWN        ; PORT_UNUSED ; Untyped                                                      ;
; DEVICE_FAMILY          ; MAX II      ; Untyped                                                      ;
; CARRY_CHAIN            ; MANUAL      ; Untyped                                                      ;
; CARRY_CHAIN_LENGTH     ; 48          ; CARRY_CHAIN_LENGTH                                           ;
; NOT_GATE_PUSH_BACK     ; ON          ; NOT_GATE_PUSH_BACK                                           ;
; CARRY_CNT_EN           ; SMART       ; Untyped                                                      ;
; LABWIDE_SCLR           ; ON          ; Untyped                                                      ;
; USE_NEW_VERSION        ; TRUE        ; Untyped                                                      ;
; CBXI_PARAMETER         ; cntr_f7h    ; Untyped                                                      ;
+------------------------+-------------+--------------------------------------------------------------+
Note: In order to hide this table in the UI and the text report file, please set the "Show Parameter Settings Tables in Synthesis Report" option in "Analysis and Synthesis Settings -> More Settings" to "Off".


+------------------------------------------------------------------------------------------------+
; Parameter Settings for User Entity Instance: decode2to4:inst19|lpm_decode:lpm_decode_component ;
+------------------------+------------+----------------------------------------------------------+
; Parameter Name         ; Value      ; Type                                                     ;
+------------------------+------------+----------------------------------------------------------+
; LPM_WIDTH              ; 2          ; Signed Integer                                           ;
; LPM_DECODES            ; 4          ; Signed Integer                                           ;
; LPM_PIPELINE           ; 0          ; Untyped                                                  ;
; CASCADE_CHAIN          ; MANUAL     ; Untyped                                                  ;
; DEVICE_FAMILY          ; MAX II     ; Untyped                                                  ;
; CBXI_PARAMETER         ; decode_ndf ; Untyped                                                  ;
; AUTO_CARRY_CHAINS      ; ON         ; AUTO_CARRY                                               ;
; IGNORE_CARRY_BUFFERS   ; OFF        ; IGNORE_CARRY                                             ;
; AUTO_CASCADE_CHAINS    ; ON         ; AUTO_CASCADE                                             ;
; IGNORE_CASCADE_BUFFERS ; OFF        ; IGNORE_CASCADE                                           ;
+------------------------+------------+----------------------------------------------------------+
Note: In order to hide this table in the UI and the text report file, please set the "Show Parameter Settings Tables in Synthesis Report" option in "Analysis and Synthesis Settings -> More Settings" to "Off".


+---------------------------------------------------------------------------------------+
; Parameter Settings for User Entity Instance: mux4to1:inst15|LPM_MUX:lpm_mux_component ;
+------------------------+---------+----------------------------------------------------+
; Parameter Name         ; Value   ; Type                                               ;
+------------------------+---------+----------------------------------------------------+
; AUTO_CARRY_CHAINS      ; ON      ; AUTO_CARRY                                         ;
; IGNORE_CARRY_BUFFERS   ; OFF     ; IGNORE_CARRY                                       ;
; AUTO_CASCADE_CHAINS    ; ON      ; AUTO_CASCADE                                       ;
; IGNORE_CASCADE_BUFFERS ; OFF     ; IGNORE_CASCADE                                     ;
; LPM_WIDTH              ; 1       ; Signed Integer                                     ;
; LPM_SIZE               ; 4       ; Signed Integer                                     ;
; LPM_WIDTHS             ; 2       ; Signed Integer                                     ;
; LPM_PIPELINE           ; 0       ; Signed Integer                                     ;
; CBXI_PARAMETER         ; mux_sld ; Untyped                                            ;
; DEVICE_FAMILY          ; MAX II  ; Untyped                                            ;
+------------------------+---------+----------------------------------------------------+
Note: In order to hide this table in the UI and the text report file, please set the "Show Parameter Settings Tables in Synthesis Report" option in "Analysis and Synthesis Settings -> More Settings" to "Off".


+-------------------------------------------------------------------------------------------------+
; Parameter Settings for User Entity Instance: register16:inst1|lpm_counter:lpm_counter_component ;
+------------------------+-------------+----------------------------------------------------------+
; Parameter Name         ; Value       ; Type                                                     ;
+------------------------+-------------+----------------------------------------------------------+
; AUTO_CARRY_CHAINS      ; ON          ; AUTO_CARRY                                               ;
; IGNORE_CARRY_BUFFERS   ; OFF         ; IGNORE_CARRY                                             ;
; AUTO_CASCADE_CHAINS    ; ON          ; AUTO_CASCADE                                             ;
; IGNORE_CASCADE_BUFFERS ; OFF         ; IGNORE_CASCADE                                           ;
; LPM_WIDTH              ; 16          ; Signed Integer                                           ;
; LPM_DIRECTION          ; UP          ; Untyped                                                  ;
; LPM_MODULUS            ; 0           ; Untyped                                                  ;
; LPM_AVALUE             ; UNUSED      ; Untyped                                                  ;
; LPM_SVALUE             ; UNUSED      ; Untyped                                                  ;
; LPM_PORT_UPDOWN        ; PORT_UNUSED ; Untyped                                                  ;
; DEVICE_FAMILY          ; MAX II      ; Untyped                                                  ;
; CARRY_CHAIN            ; MANUAL      ; Untyped                                                  ;
; CARRY_CHAIN_LENGTH     ; 48          ; CARRY_CHAIN_LENGTH                                       ;
; NOT_GATE_PUSH_BACK     ; ON          ; NOT_GATE_PUSH_BACK                                       ;
; CARRY_CNT_EN           ; SMART       ; Untyped                                                  ;
; LABWIDE_SCLR           ; ON          ; Untyped                                                  ;
; USE_NEW_VERSION        ; TRUE        ; Untyped                                                  ;
; CBXI_PARAMETER         ; cntr_sbj    ; Untyped                                                  ;
+------------------------+-------------+----------------------------------------------------------+
Note: In order to hide this table in the UI and the text report file, please set the "Show Parameter Settings Tables in Synthesis Report" option in "Analysis and Synthesis Settings -> More Settings" to "Off".


+-------------------------------+
; Analysis & Synthesis Messages ;
+-------------------------------+
Info: *******************************************************************
Info: Running Quartus II Analysis & Synthesis
    Info: Version 8.1 Build 163 10/28/2008 SJ Web Edition
    Info: Processing started: Wed May 24 23:38:16 2023
Info: Command: quartus_map --read_settings_files=on --write_settings_files=off Mino_Machine -c Mino_Machine
Info: Found 1 design units, including 1 entities, in source file Mino_Machine.bdf
    Info: Found entity 1: Mino_Machine
Info: Found 2 design units, including 1 entities, in source file alu.vhd
    Info: Found design unit 1: alu-rtl
    Info: Found entity 1: alu
Info: Found 2 design units, including 1 entities, in source file decode2to4.vhd
    Info: Found design unit 1: decode2to4-SYN
    Info: Found entity 1: decode2to4
Info: Found 2 design units, including 1 entities, in source file Display_Count.vhd
    Info: Found design unit 1: display_count-SYN
    Info: Found entity 1: Display_Count
Info: Found 2 design units, including 1 entities, in source file Display_mux.vhd
    Info: Found design unit 1: display_mux-SYN
    Info: Found entity 1: Display_mux
Info: Found 2 design units, including 1 entities, in source file mux4to1.vhd
    Info: Found design unit 1: mux4to1-SYN
    Info: Found entity 1: mux4to1
Info: Found 2 design units, including 1 entities, in source file register16.vhd
    Info: Found design unit 1: register16-SYN
    Info: Found entity 1: register16
Info: Found 2 design units, including 1 entities, in source file Seven_Seg_Driver.vhd
    Info: Found design unit 1: Seven_Seg_Driver-Structure
    Info: Found entity 1: Seven_Seg_Driver
Info: Elaborating entity "Mino_Machine" for the top level hierarchy
Warning: Pin "Button_1" not connected
Warning: Pin "Button_2" not connected
Warning: Pin "Dip" not connected
Warning: Primitive "NOT" of instance "inst" not used
Warning: Primitive "TRI" of instance "inst2" not used
Warning: Primitive "JKFF" of instance "inst3" not used
Warning: Primitive "NOT" of instance "inst4" not used
Warning: Primitive "NOT" of instance "inst5" not used
Info: Elaborating entity "Seven_Seg_Driver" for hierarchy "Seven_Seg_Driver:inst18"
Info: Elaborating entity "Display_mux" for hierarchy "Display_mux:inst16"
Info: Elaborating entity "LPM_MUX" for hierarchy "Display_mux:inst16|LPM_MUX:lpm_mux_component"
Info: Elaborated megafunction instantiation "Display_mux:inst16|LPM_MUX:lpm_mux_component"
Info: Instantiated megafunction "Display_mux:inst16|LPM_MUX:lpm_mux_component" with the following parameter:
    Info: Parameter "LPM_WIDTH" = "4"
    Info: Parameter "LPM_SIZE" = "4"
    Info: Parameter "LPM_WIDTHS" = "2"
    Info: Parameter "LPM_PIPELINE" = "0"
    Info: Parameter "LPM_TYPE" = "LPM_MUX"
    Info: Parameter "LPM_HINT" = "UNUSED"
Info: Found 1 design units, including 1 entities, in source file db/mux_vld.tdf
    Info: Found entity 1: mux_vld
Info: Elaborating entity "mux_vld" for hierarchy "Display_mux:inst16|LPM_MUX:lpm_mux_component|mux_vld:auto_generated"
Info: Elaborating entity "Display_Count" for hierarchy "Display_Count:inst14"
Info: Elaborating entity "lpm_counter" for hierarchy "Display_Count:inst14|lpm_counter:lpm_counter_component"
Info: Elaborated megafunction instantiation "Display_Count:inst14|lpm_counter:lpm_counter_component"
Info: Instantiated megafunction "Display_Count:inst14|lpm_counter:lpm_counter_component" with the following parameter:
    Info: Parameter "lpm_direction" = "UP"
    Info: Parameter "lpm_port_updown" = "PORT_UNUSED"
    Info: Parameter "lpm_type" = "LPM_COUNTER"
    Info: Parameter "lpm_width" = "2"
Info: Found 1 design units, including 1 entities, in source file db/cntr_f7h.tdf
    Info: Found entity 1: cntr_f7h
Info: Elaborating entity "cntr_f7h" for hierarchy "Display_Count:inst14|lpm_counter:lpm_counter_component|cntr_f7h:auto_generated"
Info: Elaborating entity "decode2to4" for hierarchy "decode2to4:inst19"
Info: Elaborating entity "lpm_decode" for hierarchy "decode2to4:inst19|lpm_decode:lpm_decode_component"
Info: Elaborated megafunction instantiation "decode2to4:inst19|lpm_decode:lpm_decode_component"
Info: Instantiated megafunction "decode2to4:inst19|lpm_decode:lpm_decode_component" with the following parameter:
    Info: Parameter "lpm_decodes" = "4"
    Info: Parameter "lpm_type" = "LPM_DECODE"
    Info: Parameter "lpm_width" = "2"
Info: Found 1 design units, including 1 entities, in source file db/decode_ndf.tdf
    Info: Found entity 1: decode_ndf
Info: Elaborating entity "decode_ndf" for hierarchy "decode2to4:inst19|lpm_decode:lpm_decode_component|decode_ndf:auto_generated"
Info: Elaborating entity "mux4to1" for hierarchy "mux4to1:inst15"
Info: Elaborating entity "LPM_MUX" for hierarchy "mux4to1:inst15|LPM_MUX:lpm_mux_component"
Info: Elaborated megafunction instantiation "mux4to1:inst15|LPM_MUX:lpm_mux_component"
Info: Instantiated megafunction "mux4to1:inst15|LPM_MUX:lpm_mux_component" with the following parameter:
    Info: Parameter "LPM_WIDTH" = "1"
    Info: Parameter "LPM_SIZE" = "4"
    Info: Parameter "LPM_WIDTHS" = "2"
    Info: Parameter "LPM_PIPELINE" = "0"
    Info: Parameter "LPM_TYPE" = "LPM_MUX"
    Info: Parameter "LPM_HINT" = "UNUSED"
Info: Found 1 design units, including 1 entities, in source file db/mux_sld.tdf
    Info: Found entity 1: mux_sld
Info: Elaborating entity "mux_sld" for hierarchy "mux4to1:inst15|LPM_MUX:lpm_mux_component|mux_sld:auto_generated"
Info: Elaborating entity "register16" for hierarchy "register16:inst1"
Info: Elaborating entity "lpm_counter" for hierarchy "register16:inst1|lpm_counter:lpm_counter_component"
Info: Elaborated megafunction instantiation "register16:inst1|lpm_counter:lpm_counter_component"
Info: Instantiated megafunction "register16:inst1|lpm_counter:lpm_counter_component" with the following parameter:
    Info: Parameter "lpm_direction" = "UP"
    Info: Parameter "lpm_port_updown" = "PORT_UNUSED"
    Info: Parameter "lpm_type" = "LPM_COUNTER"
    Info: Parameter "lpm_width" = "16"
Info: Found 1 design units, including 1 entities, in source file db/cntr_sbj.tdf
    Info: Found entity 1: cntr_sbj
Info: Elaborating entity "cntr_sbj" for hierarchy "register16:inst1|lpm_counter:lpm_counter_component|cntr_sbj:auto_generated"
Error: Node "ac_load" is missing source
Error: Node "ac_in[15]" is missing source
Error: Node "ac_in[14]" is missing source
Error: Node "ac_in[13]" is missing source
Error: Node "ac_in[12]" is missing source
Error: Node "ac_in[11]" is missing source
Error: Node "ac_in[10]" is missing source
Error: Node "ac_in[9]" is missing source
Error: Node "ac_in[8]" is missing source
Error: Node "ac_in[7]" is missing source
Error: Node "ac_in[6]" is missing source
Error: Node "ac_in[5]" is missing source
Error: Node "ac_in[4]" is missing source
Error: Node "ac_in[3]" is missing source
Error: Node "ac_in[2]" is missing source
Error: Node "ac_in[1]" is missing source
Error: Node "ac_in[0]" is missing source
Error: Quartus II Analysis & Synthesis was unsuccessful. 17 errors, 8 warnings
    Error: Peak virtual memory: 241 megabytes
    Error: Processing ended: Wed May 24 23:38:17 2023
    Error: Elapsed time: 00:00:01
    Error: Total CPU time (on all processors): 00:00:00


